API endpoint: http://localhost:8080
If you are using a library that supports the FIRESTORE_EMULATOR_HOST environment variable, run:

   export FIRESTORE_EMULATOR_HOST=localhost:8080

Dev App Server is now running.

Jun 13, 2021 7:46:30 PM io.gapi.emulators.netty.HttpVersionRoutingHandler channelRead
INFO: Detected HTTP/2 connection.
Jun 13, 2021 7:57:16 PM io.gapi.emulators.netty.HttpVersionRoutingHandler channelRead
INFO: Detected HTTP/2 connection.
Jun 13, 2021 8:00:20 PM io.gapi.emulators.netty.HttpVersionRoutingHandler channelRead
INFO: Detected HTTP/2 connection.
Jun 13, 2021 8:00:25 PM io.gapi.emulators.netty.HttpVersionRoutingHandler channelRead
INFO: Detected HTTP/2 connection.
Jun Jun 14, 2021 12:36:06 PM io.gapi.emulators.netty.HttpVersionRoutingHandler channelRead
INFO: Detected non-HTTP/2 connection.
Jun 14, 2021 12:36:06 PM com.google.net.webchannel.server.common.CorsFilter populateCustomHeaders
WARNING: Invalid $httpHeaders: X-Goog-Api-Client:gl-js/ fire/8.6.2
Content-Type:text/plain
X-Firebase-GMPID:1:445334129248:web:6111f03ebc82efaa6f9105
Authorization:Bearer eyJhbGciOiJub25lIiwidHlwIjoiSldUIn0.eyJlbWFpbCI6InZlbGFzY28uYW5kcnNAZ21haWwuY29tIiwiZW1haWxfdmVyaWZpZWQiOmZhbHNlLCJhdXRoX3RpbWUiOjE2MjM2OTIxNjYsInVzZXJfaWQiOiJwQWs1S2xCZTE2WWx6SkQ0NTF4RHAxc1lzbGtsIiwiZmlyZWJhc2UiOnsiaWRlbnRpdGllcyI6eyJlbWFpbCI6WyJ2ZWxhc2NvLmFuZHJzQGdtYWlsLmNvbSJdfSwic2lnbl9pbl9wcm92aWRlciI6InBhc3N3b3JkIn0sImlhdCI6MTYyMzY5MjE2NiwiZXhwIjoxNjIzNjk1NzY2LCJhdWQiOiJqb3VybmFsLWFwcC00MmE4MSIsImlzcyI6Imh0dHBzOi8vc2VjdXJldG9rZW4uZ29vZ2xlLmNvbS9qb3VybmFsLWFwcC00MmE4MSIsInN1YiI6InBBazVLbEJlMTZZbHpKRDQ1MXhEcDFzWXNsa2wifQ.

Jun 14, 2021 12:36:06 PM io.gapi.emulators.netty.HttpVersionRoutingHandler channelRead
INFO: Detected non-HTTP/2 connection.
Jun 14, 2021 12:36:06 PM io.gapi.emulators.netty.HttpVersionRoutingHandler channelRead
INFO: Detected non-HTTP/2 connection.
Jun 14, 2021 12:36:10 PM io.gapi.emulators.netty.HttpVersionRoutingHandler channelRead
INFO: Detected non-HTTP/2 connection.
Jun 14, 2021 12:36:10 PM com.google.net.webchannel.server.common.CorsFilter populateCustomHeaders
WARNING: Invalid $httpHeaders: X-Goog-Api-Client:gl-js/ fire/8.6.2
Content-Type:text/plain
X-Firebase-GMPID:1:445334129248:web:6111f03ebc82efaa6f9105
Authorization:Bearer eyJhbGciOiJub25lIiwidHlwIjoiSldUIn0.eyJlbWFpbCI6InZlbGFzY28uYW5kcnNAZ21haWwuY29tIiwiZW1haWxfdmVyaWZpZWQiOmZhbHNlLCJhdXRoX3RpbWUiOjE2MjM2OTIxNjYsInVzZXJfaWQiOiJwQWs1S2xCZTE2WWx6SkQ0NTF4RHAxc1lzbGtsIiwiZmlyZWJhc2UiOnsiaWRlbnRpdGllcyI6eyJlbWFpbCI6WyJ2ZWxhc2NvLmFuZHJzQGdtYWlsLmNvbSJdfSwic2lnbl9pbl9wcm92aWRlciI6InBhc3N3b3JkIn0sImlhdCI6MTYyMzY5MjE2NiwiZXhwIjoxNjIzNjk1NzY2LCJhdWQiOiJqb3VybmFsLWFwcC00MmE4MSIsImlzcyI6Imh0dHBzOi8vc2VjdXJldG9rZW4uZ29vZ2xlLmNvbS9qb3VybmFsLWFwcC00MmE4MSIsInN1YiI6InBBazVLbEJlMTZZbHpKRDQ1MXhEcDFzWXNsa2wifQ.

Jun 14, 2021 12:36:10 PM io.gapi.emulators.netty.HttpVersionRoutingHandler channelRead
INFO: Detected non-HTTP/2 connection.
Jun 14, 2021 12:36:10 PM io.gapi.emulators.netty.HttpVersionRoutingHandler channelRead
INFO: Detected non-HTTP/2 connection.
Jun 14, 2021 12:36:44 PM io.gapi.emulators.netty.HttpVersionRoutingHandler channelRead
INFO: Detected non-HTTP/2 connection.
Jun 14, 2021 12:37:06 PM io.gapi.emulators.netty.HttpVersionRoutingHandler channelRead
INFO: Detected non-HTTP/2 connection.
Jun 14, 2021 12:37:06 PM com.google.cloud.datastore.emulator.firestore.webchannel.FirestoreV1WebChannelAdapter$FirestoreListenHandler onClose
INFO: channel closed
Jun 14, 2021 12:37:09 PM io.gapi.emulators.netty.HttpVersionRoutingHandler channelRead
INFO: Detected non-HTTP/2 connection.
Jun 14, 2021 12:37:09 PM io.gapi.emulators.netty.HttpVersionRoutingHandler channelRead
INFO: Detected non-HTTP/2 connection.
Jun 14, 2021 12:37:13 PM io.gapi.emulators.netty.HttpVersionRoutingHandler channelRead
INFO: Detected non-HTTP/2 connection.
Jun 14, 2021 12:37:41 PM io.gapi.emulators.netty.HttpVersionRoutingHandler channelRead
INFO: Detected non-HTTP/2 connection.
Jun 14, 2021 12:38:11 PM io.gapi.emulators.netty.HttpVersionRoutingHandler channelRead
INFO: Detected non-HTTP/2 connection.
Jun 14, 2021 12:38:11 PM io.gapi.emulators.netty.HttpVersionRoutingHandler channelRead
INFO: Detected non-HTTP/2 connection.
Jun 14, 2021 12:38:47 PM io.gapi.emulators.netty.HttpVersionRoutingHandler channelRead
INFO: Detected non-HTTP/2 connection.
Jun 14, 2021 12:38:49 PM io.gapi.emulators.netty.HttpVersionRoutingHandler channelRead
INFO: Detected non-HTTP/2 connection.
Jun 14, 2021 12:39:09 PM io.gapi.emulators.netty.HttpVersionRoutingHandler channelRead
INFO: Detected non-HTTP/2 connection.
Jun 14, 2021 12:39:09 PM io.gapi.emulators.netty.HttpVersionRoutingHandler channelRead
INFO: Detected non-HTTP/2 connection.
Jun 14, 2021 12:39:15 PM io.gapi.emulators.netty.HttpVersionRoutingHandler channelRead
INFO: Detected non-HTTP/2 connection.
Jun 14, 2021 12:40:12 PM io.gapi.emulators.netty.HttpVersionRoutingHandler channelRead
INFO: Detected HTTP/2 connection.
Jun 14, 2021 12:40:15 PM io.gapi.emulators.netty.HttpVersionRoutingHandler channelRead
INFO: Detected non-HTTP/2 connection.
Jun 14, 2021 12:40:15 PM com.google.cloud.datastore.emulator.firestore.webchannel.FirestoreV1WebChannelAdapter$FirestoreWriteHandler onClose
INFO: channel closed
Jun 14, 2021 12:40:16 PM io.gapi.emulators.netty.HttpVersionRoutingHandler channelRead
INFO: Detected HTTP/2 connection.
Jun 14, 2021 12:40:24 PM io.gapi.emulators.netty.HttpVersionRoutingHandler channelRead
INFO: Detected HTTP/2 connection.
Jun 14, 2021 12:40:34 PM io.gapi.emulators.netty.HttpVersionRoutingHandler channelRead
INFO: Detected HTTP/2 connection.
Jun 14, 2021 12:40:40 PM io.gapi.emulators.netty.HttpVersionRoutingHandler channelRead
INFO: Detected HTTP/2 connection.
Jun 14, 2021 12:40:45 PM io.gapi.emulators.netty.HttpVersionRoutingHandler channelRead
INFO: Detected HTTP/2 connection.
Jun 14, 2021 12:40:50 PM io.gapi.emulators.netty.HttpVersionRoutingHandler channelRead
INFO: Detected HTTP/2 connection.
Jun 14, 2021 12:40:58 PM io.gapi.emulators.netty.HttpVersionRoutingHandler channelRead
INFO: Detected HTTP/2 connection.
Jun 14, 2021 12:41:03 PM io.gapi.emulators.netty.HttpVersionRoutingHandler channelRead
INFO: Detected HTTP/2 connection.
Jun 14, 2021 12:41:10 PM io.gapi.emulators.netty.HttpVersionRoutingHandler channelRead
INFO: Detected HTTP/2 connection.
Jun 14, 2021 12:41:16 PM io.gapi.emulators.netty.HttpVersionRoutingHandler channelRead
INFO: Detected HTTP/2 connection.
Jun 14, 2021 12:41:21 PM io.gapi.emulators.netty.HttpVersionRoutingHandler channelRead
INFO: Detected HTTP/2 connection.
Jun 14, 2021 12:41:30 PM io.gapi.emulators.netty.HttpVersionRoutingHandler channelRead
INFO: Detected HTTP/2 connection.
Jun 14, 2021 12:41:43 PM io.gapi.emulators.netty.HttpVersionRoutingHandler channelRead
INFO: Detected HTTP/2 connection.
Jun 14, 2021 12:41:47 PM io.gapi.emulators.netty.HttpVersionRoutingHandler channelRead
INFO: Detected HTTP/2 connection.
Jun 14, 2021 12:41:52 PM io.gapi.emulators.netty.HttpVersionRoutingHandler channelRead
INFO: Detected HTTP/2 connection.
Jun 14, 2021 12:41:58 PM io.gapi.emulators.netty.HttpVersionRoutingHandler channelRead
INFO: Detected HTTP/2 connection.
Jun 14, 2021 12:42:05 PM io.gapi.emulators.netty.HttpVersionRoutingHandler channelRead
INFO: Detected HTTP/2 connection.
Jun 14, 2021 12:42:17 PM io.gapi.emulators.netty.HttpVersionRoutingHandler channelRead
INFO: Detected HTTP/2 connection.
Jun 14, 2021 12:42:24 PM io.gapi.emulators.netty.HttpVersionRoutingHandler channelRead
INFO: Detected HTTP/2 connection.
Jun 14, 2021 12:42:28 PM io.gapi.emulators.netty.HttpVersionRoutingHandler channelRead
INFO: Detected HTTP/2 connection.
Jun 14, 2021 12:42:33 PM io.gapi.emulators.netty.HttpVersionRoutingHandler channelRead
INFO: Detected HTTP/2 connection.
Jun 14, 2021 12:42:38 PM io.gapi.emulators.netty.HttpVersionRoutingHandler channelRead
INFO: Detected HTTP/2 connection.
Jun 14, 2021 12:42:39 PM io.gapi.emulators.netty.HttpVersionRoutingHandler channelRead
INFO: Detected non-HTTP/2 connection.
Jun 14, 2021 12:42:39 PM com.google.net.webchannel.server.common.CorsFilter populateCustomHeaders
WARNING: Invalid $httpHeaders: X-Goog-Api-Client:gl-js/ fire/8.6.2
Content-Type:text/plain
X-Firebase-GMPID:1:445334129248:web:6111f03ebc82efaa6f9105
Authorization:Bearer eyJhbGciOiJub25lIiwidHlwIjoiSldUIn0.eyJlbWFpbCI6InZlbGFzY28uYW5kcnNAZ21haWwuY29tIiwiZW1haWxfdmVyaWZpZWQiOmZhbHNlLCJhdXRoX3RpbWUiOjE2MjM2OTIxNjYsInVzZXJfaWQiOiJwQWs1S2xCZTE2WWx6SkQ0NTF4RHAxc1lzbGtsIiwiZmlyZWJhc2UiOnsiaWRlbnRpdGllcyI6eyJlbWFpbCI6WyJ2ZWxhc2NvLmFuZHJzQGdtYWlsLmNvbSJdfSwic2lnbl9pbl9wcm92aWRlciI6InBhc3N3b3JkIn0sImlhdCI6MTYyMzY5MjE2NiwiZXhwIjoxNjIzNjk1NzY2LCJhdWQiOiJqb3VybmFsLWFwcC00MmE4MSIsImlzcyI6Imh0dHBzOi8vc2VjdXJldG9rZW4uZ29vZ2xlLmNvbS9qb3VybmFsLWFwcC00MmE4MSIsInN1YiI6InBBazVLbEJlMTZZbHpKRDQ1MXhEcDFzWXNsa2wifQ.

Jun 14, 2021 12:42:39 PM io.gapi.emulators.netty.HttpVersionRoutingHandler channelRead
INFO: Detected non-HTTP/2 connection.
Jun 14, 2021 12:42:39 PM io.gapi.emulators.netty.HttpVersionRoutingHandler channelRead
INFO: Detected non-HTTP/2 connection.
Jun 14, 2021 12:42:42 PM io.gapi.emulators.netty.HttpVersionRoutingHandler channelRead
INFO: Detected non-HTTP/2 connection.
Jun 14, 2021 12:42:42 PM io.gapi.emulators.netty.HttpVersionRoutingHandler channelRead
INFO: Detected non-HTTP/2 connection.
Jun 14, 2021 12:42:43 PM io.gapi.emulators.netty.HttpVersionRoutingHandler channelRead
INFO: Detected HTTP/2 connection.
Jun 14, 2021 12:42:44 PM io.gapi.emulators.netty.HttpVersionRoutingHandler channelRead
INFO: Detected non-HTTP/2 connection.
Jun 14, 2021 12:42:44 PM io.gapi.emulators.netty.HttpVersionRoutingHandler channelRead
INFO: Detected non-HTTP/2 connection.
Jun 14, 2021 12:42:49 PM io.gapi.emulators.netty.HttpVersionRoutingHandler channelRead
INFO: Detected non-HTTP/2 connection.
Jun 14, 2021 12:42:49 PM io.gapi.emulators.netty.HttpVersionRoutingHandler channelRead
INFO: Detected non-HTTP/2 connection.
Jun 14, 2021 12:42:50 PM io.gapi.emulators.netty.HttpVersionRoutingHandler channelRead
INFO: Detected HTTP/2 connection.
Jun 14, 2021 12:42:53 PM io.gapi.emulators.netty.HttpVersionRoutingHandler channelRead
INFO: Detected non-HTTP/2 connection.
Jun 14, 2021 12:42:53 PM io.gapi.emulators.netty.HttpVersionRoutingHandler channelRead
INFO: Detected non-HTTP/2 connection.
Jun 14, 2021 12:42:54 PM io.gapi.emulators.netty.HttpVersionRoutingHandler channelRead
INFO: Detected HTTP/2 connection.
Jun 14, 2021 12:42:58 PM io.gapi.emulators.netty.HttpVersionRoutingHandler channelRead
INFO: Detected non-HTTP/2 connection.
Jun 14, 2021 12:42:58 PM io.gapi.emulators.netty.HttpVersionRoutingHandler channelRead
INFO: Detected non-HTTP/2 connection.
Jun 14, 2021 12:42:59 PM io.gapi.emulators.netty.HttpVersionRoutingHandler channelRead
INFO: Detected HTTP/2 connection.
Jun 14, 2021 12:43:12 PM io.gapi.emulators.netty.HttpVersionRoutingHandler channelRead
INFO: Detected HTTP/2 connection.
Jun 14, 2021 12:43:18 PM io.gapi.emulators.netty.HttpVersionRoutingHandler channelRead
INFO: Detected HTTP/2 connection.
Jun 14, 2021 12:43:28 PM io.gapi.emulators.netty.HttpVersionRoutingHandler channelRead
INFO: Detected non-HTTP/2 connection.
Jun 14, 2021 12:43:58 PM io.gapi.emulators.netty.HttpVersionRoutingHandler channelRead
INFO: Detected non-HTTP/2 connection.
Jun 14, 2021 12:43:58 PM com.google.cloud.datastore.emulator.firestore.webchannel.FirestoreV1WebChannelAdapter$FirestoreListenHandler onClose
INFO: channel closed
Jun 14, 2021 12:44:12 PM io.gapi.emulators.netty.HttpVersionRoutingHandler channelRead
INFO: Detected HTTP/2 connection.
Jun 14, 2021 12:44:21 PM io.gapi.emulators.netty.HttpVersionRoutingHandler channelRead
INFO: Detected HTTP/2 connection.
Jun 14, 2021 12:44:27 PM io.gapi.emulators.netty.HttpVersionRoutingHandler channelRead
INFO: Detected HTTP/2 connection.
Jun 14, 2021 12:44:33 PM io.gapi.emulators.netty.HttpVersionRoutingHandler channelRead
INFO: Detected HTTP/2 connection.
Jun 14, 2021 12:44:38 PM io.gapi.emulators.netty.HttpVersionRoutingHandler channelRead
INFO: Detected HTTP/2 connection.
Jun 14, 2021 12:44:57 PM io.gapi.emulators.netty.HttpVersionRoutingHandler channelRead
INFO: Detected HTTP/2 connection.
Jun 14, 2021 12:45:00 PM io.gapi.emulators.netty.HttpVersionRoutingHandler channelRead
INFO: Detected non-HTTP/2 connection.
Jun 14, 2021 12:45:00 PM com.google.net.webchannel.server.common.CorsFilter populateCustomHeaders
WARNING: Invalid $httpHeaders: X-Goog-Api-Client:gl-js/ fire/8.6.2
Content-Type:text/plain
X-Firebase-GMPID:1:445334129248:web:6111f03ebc82efaa6f9105
Authorization:Bearer eyJhbGciOiJub25lIiwidHlwIjoiSldUIn0.eyJlbWFpbCI6InZlbGFzY28uYW5kcnNAZ21haWwuY29tIiwiZW1haWxfdmVyaWZpZWQiOmZhbHNlLCJhdXRoX3RpbWUiOjE2MjM2OTIxNjYsInVzZXJfaWQiOiJwQWs1S2xCZTE2WWx6SkQ0NTF4RHAxc1lzbGtsIiwiZmlyZWJhc2UiOnsiaWRlbnRpdGllcyI6eyJlbWFpbCI6WyJ2ZWxhc2NvLmFuZHJzQGdtYWlsLmNvbSJdfSwic2lnbl9pbl9wcm92aWRlciI6InBhc3N3b3JkIn0sImlhdCI6MTYyMzY5MjE2NiwiZXhwIjoxNjIzNjk1NzY2LCJhdWQiOiJqb3VybmFsLWFwcC00MmE4MSIsImlzcyI6Imh0dHBzOi8vc2VjdXJldG9rZW4uZ29vZ2xlLmNvbS9qb3VybmFsLWFwcC00MmE4MSIsInN1YiI6InBBazVLbEJlMTZZbHpKRDQ1MXhEcDFzWXNsa2wifQ.

Jun 14, 2021 12:45:00 PM io.gapi.emulators.netty.HttpVersionRoutingHandler channelRead
INFO: Detected non-HTTP/2 connection.
Jun 14, 2021 12:45:00 PM io.gapi.emulators.netty.HttpVersionRoutingHandler channelRead
INFO: Detected non-HTTP/2 connection.
Jun 14, 2021 12:45:08 PM io.gapi.emulators.netty.HttpVersionRoutingHandler channelRead
INFO: Detected HTTP/2 connection.
Jun 14, 2021 12:45:10 PM io.gapi.emulators.netty.HttpVersionRoutingHandler channelRead
INFO: Detected non-HTTP/2 connection.
Jun 14, 2021 12:45:10 PM com.google.net.webchannel.server.common.CorsFilter populateCustomHeaders
WARNING: Invalid $httpHeaders: X-Goog-Api-Client:gl-js/ fire/8.6.2
Content-Type:text/plain
X-Firebase-GMPID:1:445334129248:web:6111f03ebc82efaa6f9105
Authorization:Bearer eyJhbGciOiJub25lIiwidHlwIjoiSldUIn0.eyJlbWFpbCI6InZlbGFzY28uYW5kcnNAZ21haWwuY29tIiwiZW1haWxfdmVyaWZpZWQiOmZhbHNlLCJhdXRoX3RpbWUiOjE2MjM2OTIxNjYsInVzZXJfaWQiOiJwQWs1S2xCZTE2WWx6SkQ0NTF4RHAxc1lzbGtsIiwiZmlyZWJhc2UiOnsiaWRlbnRpdGllcyI6eyJlbWFpbCI6WyJ2ZWxhc2NvLmFuZHJzQGdtYWlsLmNvbSJdfSwic2lnbl9pbl9wcm92aWRlciI6InBhc3N3b3JkIn0sImlhdCI6MTYyMzY5MjE2NiwiZXhwIjoxNjIzNjk1NzY2LCJhdWQiOiJqb3VybmFsLWFwcC00MmE4MSIsImlzcyI6Imh0dHBzOi8vc2VjdXJldG9rZW4uZ29vZ2xlLmNvbS9qb3VybmFsLWFwcC00MmE4MSIsInN1YiI6InBBazVLbEJlMTZZbHpKRDQ1MXhEcDFzWXNsa2wifQ.

Jun 14, 2021 12:45:10 PM io.gapi.emulators.netty.HttpVersionRoutingHandler channelRead
INFO: Detected non-HTTP/2 connection.
Jun 14, 2021 12:45:10 PM io.gapi.emulators.netty.HttpVersionRoutingHandler channelRead
INFO: Detected non-HTTP/2 connection.
Jun 14, 2021 12:45:14 PM io.gapi.emulators.netty.HttpVersionRoutingHandler channelRead
INFO: Detected non-HTTP/2 connection.
Jun 14, 2021 12:45:14 PM com.google.net.webchannel.server.common.CorsFilter populateCustomHeaders
WARNING: Invalid $httpHeaders: X-Goog-Api-Client:gl-js/ fire/8.6.2
Content-Type:text/plain
X-Firebase-GMPID:1:445334129248:web:6111f03ebc82efaa6f9105
Authorization:Bearer eyJhbGciOiJub25lIiwidHlwIjoiSldUIn0.eyJlbWFpbCI6InZlbGFzY28uYW5kcnNAZ21haWwuY29tIiwiZW1haWxfdmVyaWZpZWQiOmZhbHNlLCJhdXRoX3RpbWUiOjE2MjM2OTIxNjYsInVzZXJfaWQiOiJwQWs1S2xCZTE2WWx6SkQ0NTF4RHAxc1lzbGtsIiwiZmlyZWJhc2UiOnsiaWRlbnRpdGllcyI6eyJlbWFpbCI6WyJ2ZWxhc2NvLmFuZHJzQGdtYWlsLmNvbSJdfSwic2lnbl9pbl9wcm92aWRlciI6InBhc3N3b3JkIn0sImlhdCI6MTYyMzY5MjE2NiwiZXhwIjoxNjIzNjk1NzY2LCJhdWQiOiJqb3VybmFsLWFwcC00MmE4MSIsImlzcyI6Imh0dHBzOi8vc2VjdXJldG9rZW4uZ29vZ2xlLmNvbS9qb3VybmFsLWFwcC00MmE4MSIsInN1YiI6InBBazVLbEJlMTZZbHpKRDQ1MXhEcDFzWXNsa2wifQ.

Jun 14, 2021 12:45:14 PM io.gapi.emulators.netty.HttpVersionRoutingHandler channelRead
INFO: Detected non-HTTP/2 connection.
Jun 14, 2021 12:45:14 PM io.gapi.emulators.netty.HttpVersionRoutingHandler channelRead
INFO: Detected non-HTTP/2 connection.
Jun 14, 2021 12:45:23 PM io.gapi.emulators.netty.HttpVersionRoutingHandler channelRead
INFO: Detected non-HTTP/2 connection.
Jun 14, 2021 12:45:23 PM com.google.net.webchannel.server.common.CorsFilter populateCustomHeaders
WARNING: Invalid $httpHeaders: X-Goog-Api-Client:gl-js/ fire/8.6.2
Content-Type:text/plain
X-Firebase-GMPID:1:445334129248:web:6111f03ebc82efaa6f9105
Authorization:Bearer eyJhbGciOiJub25lIiwidHlwIjoiSldUIn0.eyJlbWFpbCI6InZlbGFzY28uYW5kcnNAZ21haWwuY29tIiwiZW1haWxfdmVyaWZpZWQiOmZhbHNlLCJhdXRoX3RpbWUiOjE2MjM2OTIxNjYsInVzZXJfaWQiOiJwQWs1S2xCZTE2WWx6SkQ0NTF4RHAxc1lzbGtsIiwiZmlyZWJhc2UiOnsiaWRlbnRpdGllcyI6eyJlbWFpbCI6WyJ2ZWxhc2NvLmFuZHJzQGdtYWlsLmNvbSJdfSwic2lnbl9pbl9wcm92aWRlciI6InBhc3N3b3JkIn0sImlhdCI6MTYyMzY5MjE2NiwiZXhwIjoxNjIzNjk1NzY2LCJhdWQiOiJqb3VybmFsLWFwcC00MmE4MSIsImlzcyI6Imh0dHBzOi8vc2VjdXJldG9rZW4uZ29vZ2xlLmNvbS9qb3VybmFsLWFwcC00MmE4MSIsInN1YiI6InBBazVLbEJlMTZZbHpKRDQ1MXhEcDFzWXNsa2wifQ.

Jun 14, 2021 12:45:23 PM io.gapi.emulators.netty.HttpVersionRoutingHandler channelRead
INFO: Detected non-HTTP/2 connection.
Jun 14, 2021 12:45:23 PM io.gapi.emulators.netty.HttpVersionRoutingHandler channelRead
INFO: Detected non-HTTP/2 connection.
Jun 14, 2021 12:45:33 PM io.gapi.emulators.netty.HttpVersionRoutingHandler channelRead
INFO: Detected HTTP/2 connection.
Jun 14, 2021 12:46:00 PM io.gapi.emulators.netty.HttpVersionRoutingHandler channelRead
INFO: Detected non-HTTP/2 connection.
Jun 14, 2021 12:46:15 PM io.gapi.emulators.netty.HttpVersionRoutingHandler channelRead
INFO: Detected non-HTTP/2 connection.
Jun 14, 2021 12:46:15 PM com.google.cloud.datastore.emulator.firestore.webchannel.FirestoreV1WebChannelAdapter$FirestoreListenHandler onClose
INFO: channel closed
Jun 14, 2021 12:46:23 PM io.gapi.emulators.netty.HttpVersionRoutingHandler channelRead
INFO: Detected non-HTTP/2 connection.
Jun 14, 2021 12:46:23 PM com.google.cloud.datastore.emulator.firestore.webchannel.FirestoreV1WebChannelAdapter$FirestoreWriteHandler onClose
INFO: channel closed
Jun 14, 2021 12:47:06 PM io.gapi.emulators.netty.HttpVersionRoutingHandler channelRead
INFO: Detected HTTP/2 connection.
Jun 14, 2021 12:47:16 PM io.gapi.emulators.netty.HttpVersionRoutingHandler channelRead
INFO: Detected HTTP/2 connection.
Jun 14, 2021 12:47:39 PM io.gapi.emulators.netty.HttpVersionRoutingHandler channelRead
INFO: Detected HTTP/2 connection.
Jun 14, 2021 12:47:46 PM io.gapi.emulators.netty.HttpVersionRoutingHandler channelRead
INFO: Detected HTTP/2 connection.
Jun 14, 2021 12:47:53 PM io.gapi.emulators.netty.HttpVersionRoutingHandler channelRead
INFO: Detected HTTP/2 connection.
Jun 14, 2021 12:48:07 PM io.gapi.emulators.netty.HttpVersionRoutingHandler channelRead
INFO: Detected HTTP/2 connection.
Jun 14, 2021 12:48:27 PM io.gapi.emulators.netty.HttpVersionRoutingHandler channelRead
INFO: Detected non-HTTP/2 connection.
Jun 14, 2021 12:48:27 PM com.google.net.webchannel.server.common.CorsFilter populateCustomHeaders
WARNING: Invalid $httpHeaders: X-Goog-Api-Client:gl-js/ fire/8.6.2
Content-Type:text/plain
X-Firebase-GMPID:1:445334129248:web:6111f03ebc82efaa6f9105
Authorization:Bearer eyJhbGciOiJub25lIiwidHlwIjoiSldUIn0.eyJlbWFpbCI6InZlbGFzY28uYW5kcnNAZ21haWwuY29tIiwiZW1haWxfdmVyaWZpZWQiOmZhbHNlLCJhdXRoX3RpbWUiOjE2MjM2OTIxNjYsInVzZXJfaWQiOiJwQWs1S2xCZTE2WWx6SkQ0NTF4RHAxc1lzbGtsIiwiZmlyZWJhc2UiOnsiaWRlbnRpdGllcyI6eyJlbWFpbCI6WyJ2ZWxhc2NvLmFuZHJzQGdtYWlsLmNvbSJdfSwic2lnbl9pbl9wcm92aWRlciI6InBhc3N3b3JkIn0sImlhdCI6MTYyMzY5MjE2NiwiZXhwIjoxNjIzNjk1NzY2LCJhdWQiOiJqb3VybmFsLWFwcC00MmE4MSIsImlzcyI6Imh0dHBzOi8vc2VjdXJldG9rZW4uZ29vZ2xlLmNvbS9qb3VybmFsLWFwcC00MmE4MSIsInN1YiI6InBBazVLbEJlMTZZbHpKRDQ1MXhEcDFzWXNsa2wifQ.

Jun 14, 2021 12:48:27 PM io.gapi.emulators.netty.HttpVersionRoutingHandler channelRead
INFO: Detected non-HTTP/2 connection.
Jun 14, 2021 12:48:27 PM io.gapi.emulators.netty.HttpVersionRoutingHandler channelRead
INFO: Detected non-HTTP/2 connection.
Jun 14, 2021 12:48:40 PM io.gapi.emulators.netty.HttpVersionRoutingHandler channelRead
INFO: Detected HTTP/2 connection.
Jun 14, 2021 12:48:51 PM io.gapi.emulators.netty.HttpVersionRoutingHandler channelRead
INFO: Detected HTTP/2 connection.
Jun 14, 2021 12:49:07 PM io.gapi.emulators.netty.HttpVersionRoutingHandler channelRead
INFO: Detected HTTP/2 connection.
Jun 14, 2021 12:49:18 PM io.gapi.emulators.netty.HttpVersionRoutingHandler channelRead
INFO: Detected HTTP/2 connection.
Jun 14, 2021 12:49:22 PM io.gapi.emulators.netty.HttpVersionRoutingHandler channelRead
INFO: Detected non-HTTP/2 connection.
Jun 14, 2021 12:49:22 PM com.google.net.webchannel.server.common.CorsFilter populateCustomHeaders
WARNING: Invalid $httpHeaders: X-Goog-Api-Client:gl-js/ fire/8.6.2
Content-Type:text/plain
X-Firebase-GMPID:1:445334129248:web:6111f03ebc82efaa6f9105
Authorization:Bearer eyJhbGciOiJub25lIiwidHlwIjoiSldUIn0.eyJlbWFpbCI6InZlbGFzY28uYW5kcnNAZ21haWwuY29tIiwiZW1haWxfdmVyaWZpZWQiOmZhbHNlLCJhdXRoX3RpbWUiOjE2MjM2OTIxNjYsInVzZXJfaWQiOiJwQWs1S2xCZTE2WWx6SkQ0NTF4RHAxc1lzbGtsIiwiZmlyZWJhc2UiOnsiaWRlbnRpdGllcyI6eyJlbWFpbCI6WyJ2ZWxhc2NvLmFuZHJzQGdtYWlsLmNvbSJdfSwic2lnbl9pbl9wcm92aWRlciI6InBhc3N3b3JkIn0sImlhdCI6MTYyMzY5MjE2NiwiZXhwIjoxNjIzNjk1NzY2LCJhdWQiOiJqb3VybmFsLWFwcC00MmE4MSIsImlzcyI6Imh0dHBzOi8vc2VjdXJldG9rZW4uZ29vZ2xlLmNvbS9qb3VybmFsLWFwcC00MmE4MSIsInN1YiI6InBBazVLbEJlMTZZbHpKRDQ1MXhEcDFzWXNsa2wifQ.

Jun 14, 2021 12:49:22 PM io.gapi.emulators.netty.HttpVersionRoutingHandler channelRead
INFO: Detected non-HTTP/2 connection.
Jun 14, 2021 12:49:22 PM io.gapi.emulators.netty.HttpVersionRoutingHandler channelRead
INFO: Detected non-HTTP/2 connection.
Jun 14, 2021 12:49:22 PM io.gapi.emulators.netty.HttpVersionRoutingHandler channelRead
INFO: Detected non-HTTP/2 connection.
Jun 14, 2021 12:49:22 PM com.google.net.webchannel.server.common.CorsFilter populateCustomHeaders
WARNING: Invalid $httpHeaders: X-Goog-Api-Client:gl-js/ fire/8.6.2
Content-Type:text/plain
X-Firebase-GMPID:1:445334129248:web:6111f03ebc82efaa6f9105
Authorization:Bearer eyJhbGciOiJub25lIiwidHlwIjoiSldUIn0.eyJlbWFpbCI6InZlbGFzY28uYW5kcnNAZ21haWwuY29tIiwiZW1haWxfdmVyaWZpZWQiOmZhbHNlLCJhdXRoX3RpbWUiOjE2MjM2OTIxNjYsInVzZXJfaWQiOiJwQWs1S2xCZTE2WWx6SkQ0NTF4RHAxc1lzbGtsIiwiZmlyZWJhc2UiOnsiaWRlbnRpdGllcyI6eyJlbWFpbCI6WyJ2ZWxhc2NvLmFuZHJzQGdtYWlsLmNvbSJdfSwic2lnbl9pbl9wcm92aWRlciI6InBhc3N3b3JkIn0sImlhdCI6MTYyMzY5MjE2NiwiZXhwIjoxNjIzNjk1NzY2LCJhdWQiOiJqb3VybmFsLWFwcC00MmE4MSIsImlzcyI6Imh0dHBzOi8vc2VjdXJldG9rZW4uZ29vZ2xlLmNvbS9qb3VybmFsLWFwcC00MmE4MSIsInN1YiI6InBBazVLbEJlMTZZbHpKRDQ1MXhEcDFzWXNsa2wifQ.

Jun 14, 2021 12:49:22 PM io.gapi.emulators.netty.HttpVersionRoutingHandler channelRead
INFO: Detected non-HTTP/2 connection.
Jun 14, 2021 12:49:22 PM io.gapi.emulators.netty.HttpVersionRoutingHandler channelRead
INFO: Detected non-HTTP/2 connection.
Jun 14, 2021 12:49:23 PM io.gapi.emulators.netty.HttpVersionRoutingHandler channelRead
INFO: Detected non-HTTP/2 connection.
Jun 14, 2021 12:49:23 PM com.google.net.webchannel.server.common.CorsFilter populateCustomHeaders
WARNING: Invalid $httpHeaders: X-Goog-Api-Client:gl-js/ fire/8.6.2
Content-Type:text/plain
X-Firebase-GMPID:1:445334129248:web:6111f03ebc82efaa6f9105
Authorization:Bearer eyJhbGciOiJub25lIiwidHlwIjoiSldUIn0.eyJlbWFpbCI6InZlbGFzY28uYW5kcnNAZ21haWwuY29tIiwiZW1haWxfdmVyaWZpZWQiOmZhbHNlLCJhdXRoX3RpbWUiOjE2MjM2OTIxNjYsInVzZXJfaWQiOiJwQWs1S2xCZTE2WWx6SkQ0NTF4RHAxc1lzbGtsIiwiZmlyZWJhc2UiOnsiaWRlbnRpdGllcyI6eyJlbWFpbCI6WyJ2ZWxhc2NvLmFuZHJzQGdtYWlsLmNvbSJdfSwic2lnbl9pbl9wcm92aWRlciI6InBhc3N3b3JkIn0sImlhdCI6MTYyMzY5MjE2NiwiZXhwIjoxNjIzNjk1NzY2LCJhdWQiOiJqb3VybmFsLWFwcC00MmE4MSIsImlzcyI6Imh0dHBzOi8vc2VjdXJldG9rZW4uZ29vZ2xlLmNvbS9qb3VybmFsLWFwcC00MmE4MSIsInN1YiI6InBBazVLbEJlMTZZbHpKRDQ1MXhEcDFzWXNsa2wifQ.

Jun 14, 2021 12:49:23 PM io.gapi.emulators.netty.HttpVersionRoutingHandler channelRead
INFO: Detected non-HTTP/2 connection.
Jun 14, 2021 12:49:23 PM io.gapi.emulators.netty.HttpVersionRoutingHandler channelRead
INFO: Detected non-HTTP/2 connection.
Jun 14, 2021 12:49:23 PM io.gapi.emulators.netty.HttpVersionRoutingHandler channelRead
INFO: Detected non-HTTP/2 connection.
Jun 14, 2021 12:49:23 PM com.google.net.webchannel.server.common.CorsFilter populateCustomHeaders
WARNING: Invalid $httpHeaders: X-Goog-Api-Client:gl-js/ fire/8.6.2
Content-Type:text/plain
X-Firebase-GMPID:1:445334129248:web:6111f03ebc82efaa6f9105
Authorization:Bearer eyJhbGciOiJub25lIiwidHlwIjoiSldUIn0.eyJlbWFpbCI6InZlbGFzY28uYW5kcnNAZ21haWwuY29tIiwiZW1haWxfdmVyaWZpZWQiOmZhbHNlLCJhdXRoX3RpbWUiOjE2MjM2OTIxNjYsInVzZXJfaWQiOiJwQWs1S2xCZTE2WWx6SkQ0NTF4RHAxc1lzbGtsIiwiZmlyZWJhc2UiOnsiaWRlbnRpdGllcyI6eyJlbWFpbCI6WyJ2ZWxhc2NvLmFuZHJzQGdtYWlsLmNvbSJdfSwic2lnbl9pbl9wcm92aWRlciI6InBhc3N3b3JkIn0sImlhdCI6MTYyMzY5MjE2NiwiZXhwIjoxNjIzNjk1NzY2LCJhdWQiOiJqb3VybmFsLWFwcC00MmE4MSIsImlzcyI6Imh0dHBzOi8vc2VjdXJldG9rZW4uZ29vZ2xlLmNvbS9qb3VybmFsLWFwcC00MmE4MSIsInN1YiI6InBBazVLbEJlMTZZbHpKRDQ1MXhEcDFzWXNsa2wifQ.

Jun 14, 2021 12:49:23 PM io.gapi.emulators.netty.HttpVersionRoutingHandler channelRead
INFO: Detected non-HTTP/2 connection.
Jun 14, 2021 12:49:23 PM io.gapi.emulators.netty.HttpVersionRoutingHandler channelRead
INFO: Detected non-HTTP/2 connection.
Jun 14, 2021 12:49:24 PM io.gapi.emulators.netty.HttpVersionRoutingHandler channelRead
INFO: Detected non-HTTP/2 connection.
Jun 14, 2021 12:49:24 PM com.google.net.webchannel.server.common.CorsFilter populateCustomHeaders
WARNING: Invalid $httpHeaders: X-Goog-Api-Client:gl-js/ fire/8.6.2
Content-Type:text/plain
X-Firebase-GMPID:1:445334129248:web:6111f03ebc82efaa6f9105
Authorization:Bearer eyJhbGciOiJub25lIiwidHlwIjoiSldUIn0.eyJlbWFpbCI6InZlbGFzY28uYW5kcnNAZ21haWwuY29tIiwiZW1haWxfdmVyaWZpZWQiOmZhbHNlLCJhdXRoX3RpbWUiOjE2MjM2OTIxNjYsInVzZXJfaWQiOiJwQWs1S2xCZTE2WWx6SkQ0NTF4RHAxc1lzbGtsIiwiZmlyZWJhc2UiOnsiaWRlbnRpdGllcyI6eyJlbWFpbCI6WyJ2ZWxhc2NvLmFuZHJzQGdtYWlsLmNvbSJdfSwic2lnbl9pbl9wcm92aWRlciI6InBhc3N3b3JkIn0sImlhdCI6MTYyMzY5MjE2NiwiZXhwIjoxNjIzNjk1NzY2LCJhdWQiOiJqb3VybmFsLWFwcC00MmE4MSIsImlzcyI6Imh0dHBzOi8vc2VjdXJldG9rZW4uZ29vZ2xlLmNvbS9qb3VybmFsLWFwcC00MmE4MSIsInN1YiI6InBBazVLbEJlMTZZbHpKRDQ1MXhEcDFzWXNsa2wifQ.

Jun 14, 2021 12:49:24 PM io.gapi.emulators.netty.HttpVersionRoutingHandler channelRead
INFO: Detected non-HTTP/2 connection.
Jun 14, 2021 12:49:24 PM io.gapi.emulators.netty.HttpVersionRoutingHandler channelRead
INFO: Detected non-HTTP/2 connection.
Jun 14, 2021 12:49:24 PM io.gapi.emulators.netty.HttpVersionRoutingHandler channelRead
INFO: Detected non-HTTP/2 connection.
Jun 14, 2021 12:49:24 PM com.google.net.webchannel.server.common.CorsFilter populateCustomHeaders
WARNING: Invalid $httpHeaders: X-Goog-Api-Client:gl-js/ fire/8.6.2
Content-Type:text/plain
X-Firebase-GMPID:1:445334129248:web:6111f03ebc82efaa6f9105
Authorization:Bearer eyJhbGciOiJub25lIiwidHlwIjoiSldUIn0.eyJlbWFpbCI6InZlbGFzY28uYW5kcnNAZ21haWwuY29tIiwiZW1haWxfdmVyaWZpZWQiOmZhbHNlLCJhdXRoX3RpbWUiOjE2MjM2OTIxNjYsInVzZXJfaWQiOiJwQWs1S2xCZTE2WWx6SkQ0NTF4RHAxc1lzbGtsIiwiZmlyZWJhc2UiOnsiaWRlbnRpdGllcyI6eyJlbWFpbCI6WyJ2ZWxhc2NvLmFuZHJzQGdtYWlsLmNvbSJdfSwic2lnbl9pbl9wcm92aWRlciI6InBhc3N3b3JkIn0sImlhdCI6MTYyMzY5MjE2NiwiZXhwIjoxNjIzNjk1NzY2LCJhdWQiOiJqb3VybmFsLWFwcC00MmE4MSIsImlzcyI6Imh0dHBzOi8vc2VjdXJldG9rZW4uZ29vZ2xlLmNvbS9qb3VybmFsLWFwcC00MmE4MSIsInN1YiI6InBBazVLbEJlMTZZbHpKRDQ1MXhEcDFzWXNsa2wifQ.

Jun 14, 2021 12:49:24 PM io.gapi.emulators.netty.HttpVersionRoutingHandler channelRead
INFO: Detected non-HTTP/2 connection.
Jun 14, 2021 12:49:24 PM io.gapi.emulators.netty.HttpVersionRoutingHandler channelRead
INFO: Detected non-HTTP/2 connection.
Jun 14, 2021 12:49:39 PM io.gapi.emulators.netty.HttpVersionRoutingHandler channelRead
INFO: Detected non-HTTP/2 connection.
Jun 14, 2021 12:49:39 PM com.google.net.webchannel.server.common.CorsFilter populateCustomHeaders
WARNING: Invalid $httpHeaders: X-Goog-Api-Client:gl-js/ fire/8.6.2
Content-Type:text/plain
X-Firebase-GMPID:1:445334129248:web:6111f03ebc82efaa6f9105
Authorization:Bearer eyJhbGciOiJub25lIiwidHlwIjoiSldUIn0.eyJlbWFpbCI6InZlbGFzY28uYW5kcnNAZ21haWwuY29tIiwiZW1haWxfdmVyaWZpZWQiOmZhbHNlLCJhdXRoX3RpbWUiOjE2MjM2OTIxNjYsInVzZXJfaWQiOiJwQWs1S2xCZTE2WWx6SkQ0NTF4RHAxc1lzbGtsIiwiZmlyZWJhc2UiOnsiaWRlbnRpdGllcyI6eyJlbWFpbCI6WyJ2ZWxhc2NvLmFuZHJzQGdtYWlsLmNvbSJdfSwic2lnbl9pbl9wcm92aWRlciI6InBhc3N3b3JkIn0sImlhdCI6MTYyMzY5MjE2NiwiZXhwIjoxNjIzNjk1NzY2LCJhdWQiOiJqb3VybmFsLWFwcC00MmE4MSIsImlzcyI6Imh0dHBzOi8vc2VjdXJldG9rZW4uZ29vZ2xlLmNvbS9qb3VybmFsLWFwcC00MmE4MSIsInN1YiI6InBBazVLbEJlMTZZbHpKRDQ1MXhEcDFzWXNsa2wifQ.

Jun 14, 2021 12:49:39 PM io.gapi.emulators.netty.HttpVersionRoutingHandler channelRead
INFO: Detected non-HTTP/2 connection.
Jun 14, 2021 12:49:39 PM io.gapi.emulators.netty.HttpVersionRoutingHandler channelRead
INFO: Detected non-HTTP/2 connection.
Jun 14, 2021 12:49:40 PM io.gapi.emulators.netty.HttpVersionRoutingHandler channelRead
INFO: Detected non-HTTP/2 connection.
Jun 14, 2021 12:49:40 PM com.google.net.webchannel.server.common.CorsFilter populateCustomHeaders
WARNING: Invalid $httpHeaders: X-Goog-Api-Client:gl-js/ fire/8.6.2
Content-Type:text/plain
X-Firebase-GMPID:1:445334129248:web:6111f03ebc82efaa6f9105
Authorization:Bearer eyJhbGciOiJub25lIiwidHlwIjoiSldUIn0.eyJlbWFpbCI6InZlbGFzY28uYW5kcnNAZ21haWwuY29tIiwiZW1haWxfdmVyaWZpZWQiOmZhbHNlLCJhdXRoX3RpbWUiOjE2MjM2OTIxNjYsInVzZXJfaWQiOiJwQWs1S2xCZTE2WWx6SkQ0NTF4RHAxc1lzbGtsIiwiZmlyZWJhc2UiOnsiaWRlbnRpdGllcyI6eyJlbWFpbCI6WyJ2ZWxhc2NvLmFuZHJzQGdtYWlsLmNvbSJdfSwic2lnbl9pbl9wcm92aWRlciI6InBhc3N3b3JkIn0sImlhdCI6MTYyMzY5MjE2NiwiZXhwIjoxNjIzNjk1NzY2LCJhdWQiOiJqb3VybmFsLWFwcC00MmE4MSIsImlzcyI6Imh0dHBzOi8vc2VjdXJldG9rZW4uZ29vZ2xlLmNvbS9qb3VybmFsLWFwcC00MmE4MSIsInN1YiI6InBBazVLbEJlMTZZbHpKRDQ1MXhEcDFzWXNsa2wifQ.

Jun 14, 2021 12:49:40 PM io.gapi.emulators.netty.HttpVersionRoutingHandler channelRead
INFO: Detected non-HTTP/2 connection.
Jun 14, 2021 12:49:40 PM io.gapi.emulators.netty.HttpVersionRoutingHandler channelRead
INFO: Detected non-HTTP/2 connection.
Jun 14, 2021 12:49:40 PM io.gapi.emulators.netty.HttpVersionRoutingHandler channelRead
INFO: Detected non-HTTP/2 connection.
Jun 14, 2021 12:49:40 PM com.google.net.webchannel.server.common.CorsFilter populateCustomHeaders
WARNING: Invalid $httpHeaders: X-Goog-Api-Client:gl-js/ fire/8.6.2
Content-Type:text/plain
X-Firebase-GMPID:1:445334129248:web:6111f03ebc82efaa6f9105
Authorization:Bearer eyJhbGciOiJub25lIiwidHlwIjoiSldUIn0.eyJlbWFpbCI6InZlbGFzY28uYW5kcnNAZ21haWwuY29tIiwiZW1haWxfdmVyaWZpZWQiOmZhbHNlLCJhdXRoX3RpbWUiOjE2MjM2OTIxNjYsInVzZXJfaWQiOiJwQWs1S2xCZTE2WWx6SkQ0NTF4RHAxc1lzbGtsIiwiZmlyZWJhc2UiOnsiaWRlbnRpdGllcyI6eyJlbWFpbCI6WyJ2ZWxhc2NvLmFuZHJzQGdtYWlsLmNvbSJdfSwic2lnbl9pbl9wcm92aWRlciI6InBhc3N3b3JkIn0sImlhdCI6MTYyMzY5MjE2NiwiZXhwIjoxNjIzNjk1NzY2LCJhdWQiOiJqb3VybmFsLWFwcC00MmE4MSIsImlzcyI6Imh0dHBzOi8vc2VjdXJldG9rZW4uZ29vZ2xlLmNvbS9qb3VybmFsLWFwcC00MmE4MSIsInN1YiI6InBBazVLbEJlMTZZbHpKRDQ1MXhEcDFzWXNsa2wifQ.

Jun 14, 2021 12:49:40 PM io.gapi.emulators.netty.HttpVersionRoutingHandler channelRead
INFO: Detected non-HTTP/2 connection.
Jun 14, 2021 12:49:40 PM io.gapi.emulators.netty.HttpVersionRoutingHandler channelRead
INFO: Detected non-HTTP/2 connection.
Jun 14, 2021 12:49:41 PM io.gapi.emulators.netty.HttpVersionRoutingHandler channelRead
INFO: Detected non-HTTP/2 connection.
Jun 14, 2021 12:49:41 PM com.google.net.webchannel.server.common.CorsFilter populateCustomHeaders
WARNING: Invalid $httpHeaders: X-Goog-Api-Client:gl-js/ fire/8.6.2
Content-Type:text/plain
X-Firebase-GMPID:1:445334129248:web:6111f03ebc82efaa6f9105
Authorization:Bearer eyJhbGciOiJub25lIiwidHlwIjoiSldUIn0.eyJlbWFpbCI6InZlbGFzY28uYW5kcnNAZ21haWwuY29tIiwiZW1haWxfdmVyaWZpZWQiOmZhbHNlLCJhdXRoX3RpbWUiOjE2MjM2OTIxNjYsInVzZXJfaWQiOiJwQWs1S2xCZTE2WWx6SkQ0NTF4RHAxc1lzbGtsIiwiZmlyZWJhc2UiOnsiaWRlbnRpdGllcyI6eyJlbWFpbCI6WyJ2ZWxhc2NvLmFuZHJzQGdtYWlsLmNvbSJdfSwic2lnbl9pbl9wcm92aWRlciI6InBhc3N3b3JkIn0sImlhdCI6MTYyMzY5MjE2NiwiZXhwIjoxNjIzNjk1NzY2LCJhdWQiOiJqb3VybmFsLWFwcC00MmE4MSIsImlzcyI6Imh0dHBzOi8vc2VjdXJldG9rZW4uZ29vZ2xlLmNvbS9qb3VybmFsLWFwcC00MmE4MSIsInN1YiI6InBBazVLbEJlMTZZbHpKRDQ1MXhEcDFzWXNsa2wifQ.

Jun 14, 2021 12:49:41 PM io.gapi.emulators.netty.HttpVersionRoutingHandler channelRead
INFO: Detected non-HTTP/2 connection.
Jun 14, 2021 12:49:41 PM io.gapi.emulators.netty.HttpVersionRoutingHandler channelRead
INFO: Detected non-HTTP/2 connection.
Jun 14, 2021 12:49:41 PM io.gapi.emulators.netty.HttpVersionRoutingHandler channelRead
INFO: Detected non-HTTP/2 connection.
Jun 14, 2021 12:49:41 PM com.google.net.webchannel.server.common.CorsFilter populateCustomHeaders
WARNING: Invalid $httpHeaders: X-Goog-Api-Client:gl-js/ fire/8.6.2
Content-Type:text/plain
X-Firebase-GMPID:1:445334129248:web:6111f03ebc82efaa6f9105
Authorization:Bearer eyJhbGciOiJub25lIiwidHlwIjoiSldUIn0.eyJlbWFpbCI6InZlbGFzY28uYW5kcnNAZ21haWwuY29tIiwiZW1haWxfdmVyaWZpZWQiOmZhbHNlLCJhdXRoX3RpbWUiOjE2MjM2OTIxNjYsInVzZXJfaWQiOiJwQWs1S2xCZTE2WWx6SkQ0NTF4RHAxc1lzbGtsIiwiZmlyZWJhc2UiOnsiaWRlbnRpdGllcyI6eyJlbWFpbCI6WyJ2ZWxhc2NvLmFuZHJzQGdtYWlsLmNvbSJdfSwic2lnbl9pbl9wcm92aWRlciI6InBhc3N3b3JkIn0sImlhdCI6MTYyMzY5MjE2NiwiZXhwIjoxNjIzNjk1NzY2LCJhdWQiOiJqb3VybmFsLWFwcC00MmE4MSIsImlzcyI6Imh0dHBzOi8vc2VjdXJldG9rZW4uZ29vZ2xlLmNvbS9qb3VybmFsLWFwcC00MmE4MSIsInN1YiI6InBBazVLbEJlMTZZbHpKRDQ1MXhEcDFzWXNsa2wifQ.

Jun 14, 2021 12:49:41 PM io.gapi.emulators.netty.HttpVersionRoutingHandler channelRead
INFO: Detected non-HTTP/2 connection.
Jun 14, 2021 12:49:41 PM io.gapi.emulators.netty.HttpVersionRoutingHandler channelRead
INFO: Detected non-HTTP/2 connection.
Jun 14, 2021 12:49:41 PM com.google.net.webchannel.server.common.CorsFilter populateCustomHeaders
WARNING: Invalid $httpHeaders: X-Goog-Api-Client:gl-js/ fire/8.6.2
Content-Type:text/plain
X-Firebase-GMPID:1:445334129248:web:6111f03ebc82efaa6f9105
Authorization:Bearer eyJhbGciOiJub25lIiwidHlwIjoiSldUIn0.eyJlbWFpbCI6InZlbGFzY28uYW5kcnNAZ21haWwuY29tIiwiZW1haWxfdmVyaWZpZWQiOmZhbHNlLCJhdXRoX3RpbWUiOjE2MjM2OTIxNjYsInVzZXJfaWQiOiJwQWs1S2xCZTE2WWx6SkQ0NTF4RHAxc1lzbGtsIiwiZmlyZWJhc2UiOnsiaWRlbnRpdGllcyI6eyJlbWFpbCI6WyJ2ZWxhc2NvLmFuZHJzQGdtYWlsLmNvbSJdfSwic2lnbl9pbl9wcm92aWRlciI6InBhc3N3b3JkIn0sImlhdCI6MTYyMzY5MjE2NiwiZXhwIjoxNjIzNjk1NzY2LCJhdWQiOiJqb3VybmFsLWFwcC00MmE4MSIsImlzcyI6Imh0dHBzOi8vc2VjdXJldG9rZW4uZ29vZ2xlLmNvbS9qb3VybmFsLWFwcC00MmE4MSIsInN1YiI6InBBazVLbEJlMTZZbHpKRDQ1MXhEcDFzWXNsa2wifQ.

Jun 14, 2021 12:49:41 PM io.gapi.emulators.netty.HttpVersionRoutingHandler channelRead
INFO: Detected non-HTTP/2 connection.
Jun 14, 2021 12:49:41 PM io.gapi.emulators.netty.HttpVersionRoutingHandler channelRead
INFO: Detected non-HTTP/2 connection.
Jun 14, 2021 12:49:57 PM io.gapi.emulators.netty.HttpVersionRoutingHandler channelRead
INFO: Detected HTTP/2 connection.
Jun 14, 2021 12:50:41 PM io.gapi.emulators.netty.HttpVersionRoutingHandler channelRead
INFO: Detected non-HTTP/2 connection.
Jun 14, 2021 12:50:41 PM com.google.cloud.datastore.emulator.firestore.webchannel.FirestoreV1WebChannelAdapter$FirestoreListenHandler onClose
INFO: channel closed
Jun 14, 2021 12:50:56 PM io.gapi.emulators.netty.HttpVersionRoutingHandler channelRead
INFO: Detected non-HTTP/2 connection.
Jun 14, 2021 12:50:56 PM com.google.net.webchannel.server.common.CorsFilter populateCustomHeaders
WARNING: Invalid $httpHeaders: X-Goog-Api-Client:gl-js/ fire/8.6.2
Content-Type:text/plain
X-Firebase-GMPID:1:445334129248:web:6111f03ebc82efaa6f9105
Authorization:Bearer eyJhbGciOiJub25lIiwidHlwIjoiSldUIn0.eyJlbWFpbCI6InZlbGFzY28uYW5kcnNAZ21haWwuY29tIiwiZW1haWxfdmVyaWZpZWQiOmZhbHNlLCJhdXRoX3RpbWUiOjE2MjM2OTIxNjYsInVzZXJfaWQiOiJwQWs1S2xCZTE2WWx6SkQ0NTF4RHAxc1lzbGtsIiwiZmlyZWJhc2UiOnsiaWRlbnRpdGllcyI6eyJlbWFpbCI6WyJ2ZWxhc2NvLmFuZHJzQGdtYWlsLmNvbSJdfSwic2lnbl9pbl9wcm92aWRlciI6InBhc3N3b3JkIn0sImlhdCI6MTYyMzY5MjE2NiwiZXhwIjoxNjIzNjk1NzY2LCJhdWQiOiJqb3VybmFsLWFwcC00MmE4MSIsImlzcyI6Imh0dHBzOi8vc2VjdXJldG9rZW4uZ29vZ2xlLmNvbS9qb3VybmFsLWFwcC00MmE4MSIsInN1YiI6InBBazVLbEJlMTZZbHpKRDQ1MXhEcDFzWXNsa2wifQ.

Jun 14, 2021 12:50:56 PM io.gapi.emulators.netty.HttpVersionRoutingHandler channelRead
INFO: Detected non-HTTP/2 connection.
Jun 14, 2021 12:50:56 PM io.gapi.emulators.netty.HttpVersionRoutingHandler channelRead
INFO: Detected non-HTTP/2 connection.
Jun 14, 2021 12:51:09 PM io.gapi.emulators.netty.HttpVersionRoutingHandler channelRead
INFO: Detected non-HTTP/2 connection.
Jun 14, 2021 12:51:57 PM io.gapi.emulators.netty.HttpVersionRoutingHandler channelRead
INFO: Detected non-HTTP/2 connection.
Jun 14, 2021 12:51:57 PM io.gapi.emulators.netty.HttpVersionRoutingHandler channelRead
INFO: Detected non-HTTP/2 connection.
Jun 14, 2021 12:52:42 PM io.gapi.emulators.netty.HttpVersionRoutingHandler channelRead
INFO: Detected non-HTTP/2 connection.
Jun 14, 2021 12:52:57 PM io.gapi.emulators.netty.HttpVersionRoutingHandler channelRead
INFO: Detected non-HTTP/2 connection.
Jun 14, 2021 12:52:57 PM com.google.cloud.datastore.emulator.firestore.webchannel.FirestoreV1WebChannelAdapter$FirestoreWriteHandler onClose
INFO: channel closed
Jun 14, 2021 12:52:58 PM io.gapi.emulators.netty.HttpVersionRoutingHandler channelRead
INFO: Detected non-HTTP/2 connection.
Jun 14, 2021 12:52:58 PM com.google.net.webchannel.server.common.CorsFilter populateCustomHeaders
WARNING: Invalid $httpHeaders: X-Goog-Api-Client:gl-js/ fire/8.6.2
Content-Type:text/plain
X-Firebase-GMPID:1:445334129248:web:6111f03ebc82efaa6f9105
Authorization:Bearer eyJhbGciOiJub25lIiwidHlwIjoiSldUIn0.eyJlbWFpbCI6InZlbGFzY28uYW5kcnNAZ21haWwuY29tIiwiZW1haWxfdmVyaWZpZWQiOmZhbHNlLCJhdXRoX3RpbWUiOjE2MjM2OTIxNjYsInVzZXJfaWQiOiJwQWs1S2xCZTE2WWx6SkQ0NTF4RHAxc1lzbGtsIiwiZmlyZWJhc2UiOnsiaWRlbnRpdGllcyI6eyJlbWFpbCI6WyJ2ZWxhc2NvLmFuZHJzQGdtYWlsLmNvbSJdfSwic2lnbl9pbl9wcm92aWRlciI6InBhc3N3b3JkIn0sImlhdCI6MTYyMzY5MjE2NiwiZXhwIjoxNjIzNjk1NzY2LCJhdWQiOiJqb3VybmFsLWFwcC00MmE4MSIsImlzcyI6Imh0dHBzOi8vc2VjdXJldG9rZW4uZ29vZ2xlLmNvbS9qb3VybmFsLWFwcC00MmE4MSIsInN1YiI6InBBazVLbEJlMTZZbHpKRDQ1MXhEcDFzWXNsa2wifQ.

Jun 14, 2021 12:52:58 PM io.gapi.emulators.netty.HttpVersionRoutingHandler channelRead
INFO: Detected non-HTTP/2 connection.
Jun 14, 2021 12:52:58 PM io.gapi.emulators.netty.HttpVersionRoutingHandler channelRead
INFO: Detected non-HTTP/2 connection.
Jun 14, 2021 12:53:10 PM io.gapi.emulators.netty.HttpVersionRoutingHandler channelRead
INFO: Detected non-HTTP/2 connection.
Jun 14, 2021 12:53:48 PM io.gapi.emulators.netty.HttpVersionRoutingHandler channelRead
INFO: Detected non-HTTP/2 connection.
Jun 14, 2021 12:53:48 PM com.google.cloud.datastore.emulator.firestore.webchannel.FirestoreV1WebChannelAdapter$FirestoreWriteHandler onClose
INFO: channel closed
Jun 14, 2021 1:02:39 PM io.gapi.emulators.netty.HttpVersionRoutingHandler channelRead
INFO: Detected non-HTTP/2 connection.
Jun 14, 2021 1:02:39 PM com.google.net.webchannel.server.common.CorsFilter populateCustomHeaders
WARNING: Invalid $httpHeaders: X-Goog-Api-Client:gl-js/ fire/8.6.2
Content-Type:text/plain
X-Firebase-GMPID:1:445334129248:web:6111f03ebc82efaa6f9105
Authorization:Bearer eyJhbGciOiJub25lIiwidHlwIjoiSldUIn0.eyJuYW1lIjoidGltYmVyIiwiZW1haWwiOiJ2ZWxhc2NvLmFuZHJzQGdtYWlsLmNvbSIsImVtYWlsX3ZlcmlmaWVkIjpmYWxzZSwiYXV0aF90aW1lIjoxNjIzNjkzNzU5LCJ1c2VyX2lkIjoicEFrNUtsQmUxNllsekpENDUxeERwMXNZc2xrbCIsImZpcmViYXNlIjp7ImlkZW50aXRpZXMiOnsiZW1haWwiOlsidmVsYXNjby5hbmRyc0BnbWFpbC5jb20iXX0sInNpZ25faW5fcHJvdmlkZXIiOiJwYXNzd29yZCJ9LCJpYXQiOjE2MjM2OTM3NTksImV4cCI6MTYyMzY5NzM1OSwiYXVkIjoiam91cm5hbC1hcHAtNDJhODEiLCJpc3MiOiJodHRwczovL3NlY3VyZXRva2VuLmdvb2dsZS5jb20vam91cm5hbC1hcHAtNDJhODEiLCJzdWIiOiJwQWs1S2xCZTE2WWx6SkQ0NTF4RHAxc1lzbGtsIn0.

Jun 14, 2021 1:02:39 PM io.gapi.emulators.netty.HttpVersionRoutingHandler channelRead
INFO: Detected non-HTTP/2 connection.
Jun 14, 2021 1:02:39 PM io.gapi.emulators.netty.HttpVersionRoutingHandler channelRead
INFO: Detected non-HTTP/2 connection.
Jun 14, 2021 1:02:43 PM io.gapi.emulators.netty.HttpVersionRoutingHandler channelRead
INFO: Detected non-HTTP/2 connection.
Jun 14, 2021 1:02:43 PM com.google.net.webchannel.server.common.CorsFilter populateCustomHeaders
WARNING: Invalid $httpHeaders: X-Goog-Api-Client:gl-js/ fire/8.6.2
Content-Type:text/plain
X-Firebase-GMPID:1:445334129248:web:6111f03ebc82efaa6f9105
Authorization:Bearer eyJhbGciOiJub25lIiwidHlwIjoiSldUIn0.eyJuYW1lIjoidGltYmVyIiwiZW1haWwiOiJ2ZWxhc2NvLmFuZHJzQGdtYWlsLmNvbSIsImVtYWlsX3ZlcmlmaWVkIjpmYWxzZSwiYXV0aF90aW1lIjoxNjIzNjkzNzU5LCJ1c2VyX2lkIjoicEFrNUtsQmUxNllsekpENDUxeERwMXNZc2xrbCIsImZpcmViYXNlIjp7ImlkZW50aXRpZXMiOnsiZW1haWwiOlsidmVsYXNjby5hbmRyc0BnbWFpbC5jb20iXX0sInNpZ25faW5fcHJvdmlkZXIiOiJwYXNzd29yZCJ9LCJpYXQiOjE2MjM2OTM3NTksImV4cCI6MTYyMzY5NzM1OSwiYXVkIjoiam91cm5hbC1hcHAtNDJhODEiLCJpc3MiOiJodHRwczovL3NlY3VyZXRva2VuLmdvb2dsZS5jb20vam91cm5hbC1hcHAtNDJhODEiLCJzdWIiOiJwQWs1S2xCZTE2WWx6SkQ0NTF4RHAxc1lzbGtsIn0.

Jun 14, 2021 1:02:43 PM io.gapi.emulators.netty.HttpVersionRoutingHandler channelRead
INFO: Detected non-HTTP/2 connection.
Jun 14, 2021 1:02:43 PM io.gapi.emulators.netty.HttpVersionRoutingHandler channelRead
INFO: Detected non-HTTP/2 connection.
Jun 14, 2021 1:03:08 PM io.gapi.emulators.netty.HttpVersionRoutingHandler channelRead
INFO: Detected non-HTTP/2 connection.
Jun 14, 2021 1:03:17 PM io.gapi.emulators.netty.HttpVersionRoutingHandler channelRead
INFO: Detected non-HTTP/2 connection.
Jun 14, 2021 1:03:34 PM io.gapi.emulators.netty.HttpVersionRoutingHandler channelRead
INFO: Detected non-HTTP/2 connection.
Jun 14, 2021 1:03:34 PM com.google.cloud.datastore.emulator.firestore.webchannel.FirestoreV1WebChannelAdapter$FirestoreListenHandler onClose
INFO: channel closed
Jun 14, 2021 1:03:34 PM io.gapi.emulators.netty.HttpVersionRoutingHandler channelRead
INFO: Detected non-HTTP/2 connection.
Jun 14, 2021 1:03:34 PM com.google.cloud.datastore.emulator.firestore.webchannel.FirestoreV1WebChannelAdapter$FirestoreWriteHandler onClose
INFO: channel closed
Jun 14, 2021 1:03:59 PM io.gapi.emulators.netty.HttpVersionRoutingHandler channelRead
INFO: Detected non-HTTP/2 connection.
Jun 14, 2021 1:03:59 PM com.google.net.webchannel.server.common.CorsFilter populateCustomHeaders
WARNING: Invalid $httpHeaders: X-Goog-Api-Client:gl-js/ fire/8.6.2
Content-Type:text/plain
X-Firebase-GMPID:1:445334129248:web:6111f03ebc82efaa6f9105
Authorization:Bearer eyJhbGciOiJub25lIiwidHlwIjoiSldUIn0.eyJuYW1lIjoidGltYmVyIiwiZW1haWwiOiJ2ZWxhc2NvLmFuZHJzQGdtYWlsLmNvbSIsImVtYWlsX3ZlcmlmaWVkIjpmYWxzZSwiYXV0aF90aW1lIjoxNjIzNjkzODM5LCJ1c2VyX2lkIjoicEFrNUtsQmUxNllsekpENDUxeERwMXNZc2xrbCIsImZpcmViYXNlIjp7ImlkZW50aXRpZXMiOnsiZW1haWwiOlsidmVsYXNjby5hbmRyc0BnbWFpbC5jb20iXX0sInNpZ25faW5fcHJvdmlkZXIiOiJwYXNzd29yZCJ9LCJpYXQiOjE2MjM2OTM4MzksImV4cCI6MTYyMzY5NzQzOSwiYXVkIjoiam91cm5hbC1hcHAtNDJhODEiLCJpc3MiOiJodHRwczovL3NlY3VyZXRva2VuLmdvb2dsZS5jb20vam91cm5hbC1hcHAtNDJhODEiLCJzdWIiOiJwQWs1S2xCZTE2WWx6SkQ0NTF4RHAxc1lzbGtsIn0.

Jun 14, 2021 1:03:59 PM io.gapi.emulators.netty.HttpVersionRoutingHandler channelRead
INFO: Detected non-HTTP/2 connection.
Jun 14, 2021 1:03:59 PM io.gapi.emulators.netty.HttpVersionRoutingHandler channelRead
INFO: Detected non-HTTP/2 connection.
Jun 14, 2021 1:04:10 PM io.gapi.emulators.netty.HttpVersionRoutingHandler channelRead
INFO: Detected non-HTTP/2 connection.
Jun 14, 2021 1:04:10 PM com.google.cloud.datastore.emulator.firestore.webchannel.FirestoreV1WebChannelAdapter$FirestoreListenHandler onClose
INFO: channel closed
Jun 14, 2021 1:04:20 PM io.gapi.emulators.netty.HttpVersionRoutingHandler channelRead
INFO: Detected non-HTTP/2 connection.
Jun 14, 2021 1:04:20 PM com.google.net.webchannel.server.common.CorsFilter populateCustomHeaders
WARNING: Invalid $httpHeaders: X-Goog-Api-Client:gl-js/ fire/8.6.2
Content-Type:text/plain
X-Firebase-GMPID:1:445334129248:web:6111f03ebc82efaa6f9105
Authorization:Bearer eyJhbGciOiJub25lIiwidHlwIjoiSldUIn0.eyJuYW1lIjoidGltYmVyIiwiZW1haWwiOiJ2ZWxhc2NvLmFuZHJzQGdtYWlsLmNvbSIsImVtYWlsX3ZlcmlmaWVkIjpmYWxzZSwiYXV0aF90aW1lIjoxNjIzNjkzODYwLCJ1c2VyX2lkIjoicEFrNUtsQmUxNllsekpENDUxeERwMXNZc2xrbCIsImZpcmViYXNlIjp7ImlkZW50aXRpZXMiOnsiZW1haWwiOlsidmVsYXNjby5hbmRyc0BnbWFpbC5jb20iXX0sInNpZ25faW5fcHJvdmlkZXIiOiJwYXNzd29yZCJ9LCJpYXQiOjE2MjM2OTM4NjAsImV4cCI6MTYyMzY5NzQ2MCwiYXVkIjoiam91cm5hbC1hcHAtNDJhODEiLCJpc3MiOiJodHRwczovL3NlY3VyZXRva2VuLmdvb2dsZS5jb20vam91cm5hbC1hcHAtNDJhODEiLCJzdWIiOiJwQWs1S2xCZTE2WWx6SkQ0NTF4RHAxc1lzbGtsIn0.

Jun 14, 2021 1:04:20 PM io.gapi.emulators.netty.HttpVersionRoutingHandler channelRead
INFO: Detected non-HTTP/2 connection.
Jun 14, 2021 1:04:20 PM io.gapi.emulators.netty.HttpVersionRoutingHandler channelRead
INFO: Detected non-HTTP/2 connection.
Jun 14, 2021 1:04:27 PM io.gapi.emulators.netty.HttpVersionRoutingHandler channelRead
INFO: Detected non-HTTP/2 connection.
Jun 14, 2021 1:04:27 PM com.google.net.webchannel.server.common.CorsFilter populateCustomHeaders
WARNING: Invalid $httpHeaders: X-Goog-Api-Client:gl-js/ fire/8.6.2
Content-Type:text/plain
X-Firebase-GMPID:1:445334129248:web:6111f03ebc82efaa6f9105
Authorization:Bearer eyJhbGciOiJub25lIiwidHlwIjoiSldUIn0.eyJuYW1lIjoidGltYmVyIiwiZW1haWwiOiJ2ZWxhc2NvLmFuZHJzQGdtYWlsLmNvbSIsImVtYWlsX3ZlcmlmaWVkIjpmYWxzZSwiYXV0aF90aW1lIjoxNjIzNjkzODYwLCJ1c2VyX2lkIjoicEFrNUtsQmUxNllsekpENDUxeERwMXNZc2xrbCIsImZpcmViYXNlIjp7ImlkZW50aXRpZXMiOnsiZW1haWwiOlsidmVsYXNjby5hbmRyc0BnbWFpbC5jb20iXX0sInNpZ25faW5fcHJvdmlkZXIiOiJwYXNzd29yZCJ9LCJpYXQiOjE2MjM2OTM4NjAsImV4cCI6MTYyMzY5NzQ2MCwiYXVkIjoiam91cm5hbC1hcHAtNDJhODEiLCJpc3MiOiJodHRwczovL3NlY3VyZXRva2VuLmdvb2dsZS5jb20vam91cm5hbC1hcHAtNDJhODEiLCJzdWIiOiJwQWs1S2xCZTE2WWx6SkQ0NTF4RHAxc1lzbGtsIn0.

Jun 14, 2021 1:04:27 PM io.gapi.emulators.netty.HttpVersionRoutingHandler channelRead
INFO: Detected non-HTTP/2 connection.
Jun 14, 2021 1:04:27 PM io.gapi.emulators.netty.HttpVersionRoutingHandler channelRead
INFO: Detected non-HTTP/2 connection.
Jun 14, 2021 1:04:48 PM io.gapi.emulators.netty.HttpVersionRoutingHandler channelRead
INFO: Detected non-HTTP/2 connection.
Jun 14, 2021 1:04:56 PM io.gapi.emulators.netty.HttpVersionRoutingHandler channelRead
INFO: Detected non-HTTP/2 connection.
Jun 14, 2021 1:05:00 PM io.gapi.emulators.netty.HttpVersionRoutingHandler channelRead
INFO: Detected non-HTTP/2 connection.
Jun 14, 2021 1:05:05 PM io.gapi.emulators.netty.HttpVersionRoutingHandler channelRead
INFO: Detected non-HTTP/2 connection.
Jun 14, 2021 1:05:11 PM io.gapi.emulators.netty.HttpVersionRoutingHandler channelRead
INFO: Detected non-HTTP/2 connection.
Jun 14, 2021 1:05:11 PM com.google.cloud.datastore.emulator.firestore.webchannel.FirestoreV1WebChannelAdapter$FirestoreListenHandler onClose
INFO: channel closed
Jun 14, 2021 1:05:11 PM io.gapi.emulators.netty.HttpVersionRoutingHandler channelRead
INFO: Detected non-HTTP/2 connection.
Jun 14, 2021 1:05:11 PM com.google.cloud.datastore.emulator.firestore.webchannel.FirestoreV1WebChannelAdapter$FirestoreWriteHandler onClose
INFO: channel closed
Jun 14, 2021 1:08:57 PM io.gapi.emulators.netty.HttpVersionRoutingHandler channelRead
INFO: Detected non-HTTP/2 connection.
Jun 14, 2021 1:08:57 PM com.google.net.webchannel.server.common.CorsFilter populateCustomHeaders
WARNING: Invalid $httpHeaders: X-Goog-Api-Client:gl-js/ fire/8.6.2
Content-Type:text/plain
X-Firebase-GMPID:1:445334129248:web:6111f03ebc82efaa6f9105
Authorization:Bearer eyJhbGciOiJub25lIiwidHlwIjoiSldUIn0.eyJuYW1lIjoidGltYmVyIiwiZW1haWwiOiJ2ZWxhc2NvLmFuZHJzQGdtYWlsLmNvbSIsImVtYWlsX3ZlcmlmaWVkIjpmYWxzZSwiYXV0aF90aW1lIjoxNjIzNjk0MTM3LCJ1c2VyX2lkIjoicEFrNUtsQmUxNllsekpENDUxeERwMXNZc2xrbCIsImZpcmViYXNlIjp7ImlkZW50aXRpZXMiOnsiZW1haWwiOlsidmVsYXNjby5hbmRyc0BnbWFpbC5jb20iXX0sInNpZ25faW5fcHJvdmlkZXIiOiJwYXNzd29yZCJ9LCJpYXQiOjE2MjM2OTQxMzcsImV4cCI6MTYyMzY5NzczNywiYXVkIjoiam91cm5hbC1hcHAtNDJhODEiLCJpc3MiOiJodHRwczovL3NlY3VyZXRva2VuLmdvb2dsZS5jb20vam91cm5hbC1hcHAtNDJhODEiLCJzdWIiOiJwQWs1S2xCZTE2WWx6SkQ0NTF4RHAxc1lzbGtsIn0.

Jun 14, 2021 1:08:57 PM io.gapi.emulators.netty.HttpVersionRoutingHandler channelRead
INFO: Detected non-HTTP/2 connection.
Jun 14, 2021 1:08:57 PM io.gapi.emulators.netty.HttpVersionRoutingHandler channelRead
INFO: Detected non-HTTP/2 connection.
Jun 14, 2021 1:09:57 PM io.gapi.emulators.netty.HttpVersionRoutingHandler channelRead
INFO: Detected non-HTTP/2 connection.
Jun 14, 2021 1:09:57 PM com.google.cloud.datastore.emulator.firestore.webchannel.FirestoreV1WebChannelAdapter$FirestoreListenHandler onClose
INFO: channel closed
Jun 14, 2021 1:10:20 PM io.gapi.emulators.netty.HttpVersionRoutingHandler channelRead
INFO: Detected non-HTTP/2 connection.
Jun 14, 2021 1:10:20 PM com.google.net.webchannel.server.common.CorsFilter populateCustomHeaders
WARNING: Invalid $httpHeaders: X-Goog-Api-Client:gl-js/ fire/8.6.2
Content-Type:text/plain
X-Firebase-GMPID:1:445334129248:web:6111f03ebc82efaa6f9105
Authorization:Bearer eyJhbGciOiJub25lIiwidHlwIjoiSldUIn0.eyJuYW1lIjoidGltYmVyIiwiZW1haWwiOiJ2ZWxhc2NvLmFuZHJzQGdtYWlsLmNvbSIsImVtYWlsX3ZlcmlmaWVkIjpmYWxzZSwiYXV0aF90aW1lIjoxNjIzNjk0MTM3LCJ1c2VyX2lkIjoicEFrNUtsQmUxNllsekpENDUxeERwMXNZc2xrbCIsImZpcmViYXNlIjp7ImlkZW50aXRpZXMiOnsiZW1haWwiOlsidmVsYXNjby5hbmRyc0BnbWFpbC5jb20iXX0sInNpZ25faW5fcHJvdmlkZXIiOiJwYXNzd29yZCJ9LCJpYXQiOjE2MjM2OTQxMzcsImV4cCI6MTYyMzY5NzczNywiYXVkIjoiam91cm5hbC1hcHAtNDJhODEiLCJpc3MiOiJodHRwczovL3NlY3VyZXRva2VuLmdvb2dsZS5jb20vam91cm5hbC1hcHAtNDJhODEiLCJzdWIiOiJwQWs1S2xCZTE2WWx6SkQ0NTF4RHAxc1lzbGtsIn0.

Jun 14, 2021 1:10:20 PM io.gapi.emulators.netty.HttpVersionRoutingHandler channelRead
INFO: Detected non-HTTP/2 connection.
Jun 14, 2021 1:10:20 PM io.gapi.emulators.netty.HttpVersionRoutingHandler channelRead
INFO: Detected non-HTTP/2 connection.
Jun 14, 2021 1:10:57 PM io.gapi.emulators.netty.HttpVersionRoutingHandler channelRead
INFO: Detected non-HTTP/2 connection.
Jun 14, 2021 1:10:57 PM com.google.cloud.datastore.emulator.firestore.webchannel.FirestoreV1WebChannelAdapter$FirestoreWriteHandler onClose
INFO: channel closed
Jun 14, 2021 1:11:04 PM io.gapi.emulators.netty.HttpVersionRoutingHandler channelRead
INFO: Detected non-HTTP/2 connection.
Jun 14, 2021 1:11:04 PM com.google.net.webchannel.server.common.CorsFilter populateCustomHeaders
WARNING: Invalid $httpHeaders: X-Goog-Api-Client:gl-js/ fire/8.6.2
Content-Type:text/plain
X-Firebase-GMPID:1:445334129248:web:6111f03ebc82efaa6f9105
Authorization:Bearer eyJhbGciOiJub25lIiwidHlwIjoiSldUIn0.eyJuYW1lIjoidGltYmVyIiwiZW1haWwiOiJ2ZWxhc2NvLmFuZHJzQGdtYWlsLmNvbSIsImVtYWlsX3ZlcmlmaWVkIjpmYWxzZSwiYXV0aF90aW1lIjoxNjIzNjk0MjY0LCJ1c2VyX2lkIjoicEFrNUtsQmUxNllsekpENDUxeERwMXNZc2xrbCIsImZpcmViYXNlIjp7ImlkZW50aXRpZXMiOnsiZW1haWwiOlsidmVsYXNjby5hbmRyc0BnbWFpbC5jb20iXX0sInNpZ25faW5fcHJvdmlkZXIiOiJwYXNzd29yZCJ9LCJpYXQiOjE2MjM2OTQyNjQsImV4cCI6MTYyMzY5Nzg2NCwiYXVkIjoiam91cm5hbC1hcHAtNDJhODEiLCJpc3MiOiJodHRwczovL3NlY3VyZXRva2VuLmdvb2dsZS5jb20vam91cm5hbC1hcHAtNDJhODEiLCJzdWIiOiJwQWs1S2xCZTE2WWx6SkQ0NTF4RHAxc1lzbGtsIn0.

Jun 14, 2021 1:11:04 PM io.gapi.emulators.netty.HttpVersionRoutingHandler channelRead
INFO: Detected non-HTTP/2 connection.
Jun 14, 2021 1:11:04 PM io.gapi.emulators.netty.HttpVersionRoutingHandler channelRead
INFO: Detected non-HTTP/2 connection.
Jun 14, 2021 1:11:07 PM io.gapi.emulators.netty.HttpVersionRoutingHandler channelRead
INFO: Detected non-HTTP/2 connection.
Jun 14, 2021 1:11:07 PM com.google.net.webchannel.server.common.CorsFilter populateCustomHeaders
WARNING: Invalid $httpHeaders: X-Goog-Api-Client:gl-js/ fire/8.6.2
Content-Type:text/plain
X-Firebase-GMPID:1:445334129248:web:6111f03ebc82efaa6f9105
Authorization:Bearer eyJhbGciOiJub25lIiwidHlwIjoiSldUIn0.eyJuYW1lIjoidGltYmVyIiwiZW1haWwiOiJ2ZWxhc2NvLmFuZHJzQGdtYWlsLmNvbSIsImVtYWlsX3ZlcmlmaWVkIjpmYWxzZSwiYXV0aF90aW1lIjoxNjIzNjk0MjY0LCJ1c2VyX2lkIjoicEFrNUtsQmUxNllsekpENDUxeERwMXNZc2xrbCIsImZpcmViYXNlIjp7ImlkZW50aXRpZXMiOnsiZW1haWwiOlsidmVsYXNjby5hbmRyc0BnbWFpbC5jb20iXX0sInNpZ25faW5fcHJvdmlkZXIiOiJwYXNzd29yZCJ9LCJpYXQiOjE2MjM2OTQyNjQsImV4cCI6MTYyMzY5Nzg2NCwiYXVkIjoiam91cm5hbC1hcHAtNDJhODEiLCJpc3MiOiJodHRwczovL3NlY3VyZXRva2VuLmdvb2dsZS5jb20vam91cm5hbC1hcHAtNDJhODEiLCJzdWIiOiJwQWs1S2xCZTE2WWx6SkQ0NTF4RHAxc1lzbGtsIn0.

Jun 14, 2021 1:11:07 PM io.gapi.emulators.netty.HttpVersionRoutingHandler channelRead
INFO: Detected non-HTTP/2 connection.
Jun 14, 2021 1:11:07 PM io.gapi.emulators.netty.HttpVersionRoutingHandler channelRead
INFO: Detected non-HTTP/2 connection.
Jun 14, 2021 1:11:15 PM io.gapi.emulators.netty.HttpVersionRoutingHandler channelRead
INFO: Detected non-HTTP/2 connection.
Jun 14, 2021 1:11:22 PM io.gapi.emulators.netty.HttpVersionRoutingHandler channelRead
INFO: Detected non-HTTP/2 connection.
Jun 14, 2021 1:11:31 PM io.gapi.emulators.netty.HttpVersionRoutingHandler channelRead
INFO: Detected non-HTTP/2 connection.
Jun 14, 2021 1:11:31 PM com.google.cloud.datastore.emulator.firestore.webchannel.FirestoreV1WebChannelAdapter$FirestoreListenHandler onClose
INFO: channel closed
Jun 14, 2021 1:11:31 PM io.gapi.emulators.netty.HttpVersionRoutingHandler channelRead
INFO: Detected non-HTTP/2 connection.
Jun 14, 2021 1:11:31 PM com.google.cloud.datastore.emulator.firestore.webchannel.FirestoreV1WebChannelAdapter$FirestoreWriteHandler onClose
INFO: channel closed
*** shutting down gRPC server since JVM is shutting down
*** server shut down
